Bad Checksum - idPage: 0, tyPage: 0, iPage: 0
Source      : E:\新建文件夹 (2)\Book\database\book.mdf
Destination : C:\Users\lyy\AppData\Local\Temp\sqlB3C6.tmp
Repairing - verMajor: 1, verMinor: 0, verBuild: 0, verPoint: 0
Time - 2011-12-05 15:09:04.243
Database format in database header page is corrupt (or not a database file)
Bad Checksum - idPage: 0, tyPage: 0, iPage: 37
Bad Checksum - idPage: 1, tyPage: 0, iPage: 47
Bad Checksum - idPage: 2, tyPage: 2, iPage: 617
Bad Checksum - idPage: 4, tyPage: 0, iPage: 591
Bad Checksum - idPage: 10, tyPage: 0, iPage: 215
Bad Checksum - idPage: 11, tyPage: 0, iPage: 111
Bad Checksum - idPage: 53, tyPage: 0, iPage: 285
Bad Checksum - idPage: 96, tyPage: 0, iPage: 87
Bad Checksum - idPage: 115, tyPage: 3, iPage: 225
Bad Checksum - idPage: 512, tyPage: 0, iPage: 361
Bad Checksum - idPage: 514, tyPage: 0, iPage: 90
Bad Checksum - idPage: 518, tyPage: 0, iPage: 64
Bad Checksum - idPage: 1024, tyPage: 0, iPage: 137
Bad Checksum - idPage: 1074, tyPage: 0, iPage: 587
Bad Checksum - idPage: 1087, tyPage: 0, iPage: 305
Bad Checksum - idPage: 1126, tyPage: 0, iPage: 684
Bad Checksum - idPage: 1906, tyPage: 0, iPage: 611
Bad Checksum - idPage: 4096, tyPage: 0, iPage: 273
Bad Checksum - idPage: 6198, tyPage: 0, iPage: 309
Bad Checksum - idPage: 10240, tyPage: 3, iPage: 744
Bad Checksum - idPage: 11827, tyPage: 3, iPage: 661
Bad Checksum - idPage: 12288, tyPage: 0, iPage: 75
Bad Checksum - idPage: 12336, tyPage: 3, iPage: 625
Bad Checksum - idPage: 12343, tyPage: 3, iPage: 693
Bad Checksum - idPage: 12848, tyPage: 3, iPage: 736
Bad Checksum - idPage: 12849, tyPage: 3, iPage: 681
Bad Checksum - idPage: 13105, tyPage: 3, iPage: 714
Bad Checksum - idPage: 14393, tyPage: 3, iPage: 581
Bad Checksum - idPage: 24932, tyPage: 7, iPage: 743
Bad Checksum - idPage: 24956, tyPage: 7, iPage: 643
Bad Checksum - idPage: 25856, tyPage: 0, iPage: 163
Bad Checksum - idPage: 33280, tyPage: 0, iPage: 48
Bad Checksum - idPage: 49664, tyPage: 0, iPage: 218
Bad Checksum - idPage: 65536, tyPage: 0, iPage: 277
Bad Checksum - idPage: 65538, tyPage: 2, iPage: 578
Bad Checksum - idPage: 65584, tyPage: 1, iPage: 113
Bad Checksum - idPage: 66048, tyPage: 0, iPage: 122
Bad Checksum - idPage: 66050, tyPage: 0, iPage: 94
Bad Checksum - idPage: 68864, tyPage: 3, iPage: 767
Bad Checksum - idPage: 74017, tyPage: 2, iPage: 31
Bad Checksum - idPage: 77875, tyPage: 3, iPage: 596
Bad Checksum - idPage: 78460, tyPage: 3, iPage: 683
Bad Checksum - idPage: 78689, tyPage: 3, iPage: 648
Bad Checksum - idPage: 79155, tyPage: 6, iPage: 666
Bad Checksum - idPage: 79159, tyPage: 3, iPage: 584
Bad Checksum - idPage: 79417, tyPage: 3, iPage: 745
Bad Checksum - idPage: 79672, tyPage: 6, iPage: 739
Bad Checksum - idPage: 79928, tyPage: 6, iPage: 688
Bad Checksum - idPage: 80180, tyPage: 3, iPage: 624
Bad Checksum - idPage: 80184, tyPage: 3, iPage: 580
Bad Checksum - idPage: 82770, tyPage: 3, iPage: 698
Bad Checksum - idPage: 90423, tyPage: 3, iPage: 734
Bad Checksum - idPage: 90933, tyPage: 6, iPage: 619
Bad Checksum - idPage: 91186, tyPage: 3, iPage: 690
Bad Checksum - idPage: 91749, tyPage: 6, iPage: 646
Bad Checksum - idPage: 91750, tyPage: 3, iPage: 603
Bad Checksum - idPage: 94305, tyPage: 6, iPage: 741
Bad Checksum - idPage: 94817, tyPage: 0, iPage: 615
Bad Checksum - idPage: 94836, tyPage: 6, iPage: 632
Bad Checksum - idPage: 97328, tyPage: 3, iPage: 733
Bad Checksum - idPage: 97329, tyPage: 3, iPage: 627
Bad Checksum - idPage: 97381, tyPage: 3, iPage: 742
Bad Checksum - idPage: 98816, tyPage: 0, iPage: 356
Bad Checksum - idPage: 114690, tyPage: 0, iPage: 92
Bad Checksum - idPage: 115200, tyPage: 0, iPage: 20
Bad Checksum - idPage: 122625, tyPage: 0, iPage: 287
Bad Checksum - idPage: 131584, tyPage: 0, iPage: 156
Bad Checksum - idPage: 131586, tyPage: 0, iPage: 84
Bad Checksum - idPage: 143411, tyPage: 3, iPage: 647
Bad Checksum - idPage: 143715, tyPage: 6, iPage: 696
Bad Checksum - idPage: 143920, tyPage: 3, iPage: 639
Bad Checksum - idPage: 145462, tyPage: 0, iPage: 697
Bad Checksum - idPage: 147762, tyPage: 7, iPage: 726
Bad Checksum - idPage: 147968, tyPage: 0, iPage: 276
Bad Checksum - idPage: 155944, tyPage: 6, iPage: 637
Bad Checksum - idPage: 156010, tyPage: 7, iPage: 593
Bad Checksum - idPage: 156208, tyPage: 3, iPage: 752
Bad Checksum - idPage: 157035, tyPage: 7, iPage: 642
Bad Checksum - idPage: 157043, tyPage: 7, iPage: 620
Bad Checksum - idPage: 158332, tyPage: 6, iPage: 706
Bad Checksum - idPage: 159548, tyPage: 7, iPage: 665
Bad Checksum - idPage: 159558, tyPage: 7, iPage: 680
Bad Checksum - idPage: 159607, tyPage: 7, iPage: 588
Bad Checksum - idPage: 160882, tyPage: 6, iPage: 651
Bad Checksum - idPage: 161135, tyPage: 7, iPage: 732
Bad Checksum - idPage: 162866, tyPage: 3, iPage: 641
Bad Checksum - idPage: 164352, tyPage: 0, iPage: 128
Bad Checksum - idPage: 180736, tyPage: 0, iPage: 38
Bad Checksum - idPage: 196608, tyPage: 2, iPage: 728
Bad Checksum - idPage: 196609, tyPage: 2, iPage: 303
Bad Checksum - idPage: 196616, tyPage: 1, iPage: 171
Bad Checksum - idPage: 196634, tyPage: 3, iPage: 281
Bad Checksum - idPage: 196729, tyPage: 7, iPage: 233
Bad Checksum - idPage: 197120, tyPage: 0, iPage: 190
Bad Checksum - idPage: 197122, tyPage: 0, iPage: 88
Bad Checksum - idPage: 208242, tyPage: 7, iPage: 759
Bad Checksum - idPage: 208434, tyPage: 3, iPage: 601
Bad Checksum - idPage: 208993, tyPage: 6, iPage: 701
Bad Checksum - idPage: 209165, tyPage: 3, iPage: 709
Bad Checksum - idPage: 209276, tyPage: 3, iPage: 582
Bad Checksum - idPage: 209459, tyPage: 6, iPage: 634
Bad Checksum - idPage: 209461, tyPage: 3, iPage: 716
Bad Checksum - idPage: 210044, tyPage: 3, iPage: 746
Bad Checksum - idPage: 210487, tyPage: 3, iPage: 691
Bad Checksum - idPage: 210530, tyPage: 6, iPage: 763
Bad Checksum - idPage: 210998, tyPage: 3, iPage: 757
Bad Checksum - idPage: 211256, tyPage: 3, iPage: 640
Bad Checksum - idPage: 222572, tyPage: 7, iPage: 613
Bad Checksum - idPage: 223606, tyPage: 6, iPage: 594
Bad Checksum - idPage: 225840, tyPage: 6, iPage: 761
Bad Checksum - idPage: 226164, tyPage: 6, iPage: 750
Bad Checksum - idPage: 229378, tyPage: 0, iPage: 86
Bad Checksum - idPage: 262256, tyPage: 7, iPage: 83
Bad Checksum - idPage: 262656, tyPage: 0, iPage: 244
Bad Checksum - idPage: 275253, tyPage: 6, iPage: 583
Bad Checksum - idPage: 276025, tyPage: 3, iPage: 724
Bad Checksum - idPage: 287024, tyPage: 0, iPage: 729
Bad Checksum - idPage: 287030, tyPage: 3, iPage: 708
Bad Checksum - idPage: 287330, tyPage: 6, iPage: 664
Bad Checksum - idPage: 287543, tyPage: 0, iPage: 579
Bad Checksum - idPage: 291685, tyPage: 7, iPage: 711
Bad Checksum - idPage: 327680, tyPage: 6, iPage: 357
Bad Checksum - idPage: 327787, tyPage: 6, iPage: 231
Bad Checksum - idPage: 340066, tyPage: 6, iPage: 720
Bad Checksum - idPage: 340069, tyPage: 6, iPage: 754
Bad Checksum - idPage: 340280, tyPage: 3, iPage: 671
Bad Checksum - idPage: 340790, tyPage: 6, iPage: 649
Bad Checksum - idPage: 340837, tyPage: 6, iPage: 616
Bad Checksum - idPage: 341043, tyPage: 3, iPage: 577
Bad Checksum - idPage: 341553, tyPage: 3, iPage: 623
Bad Checksum - idPage: 341601, tyPage: 3, iPage: 586
Bad Checksum - idPage: 341811, tyPage: 3, iPage: 618
Bad Checksum - idPage: 341817, tyPage: 3, iPage: 663
Bad Checksum - idPage: 342065, tyPage: 3, iPage: 598
Bad Checksum - idPage: 342067, tyPage: 6, iPage: 638
Bad Checksum - idPage: 353390, tyPage: 7, iPage: 686
Bad Checksum - idPage: 353582, tyPage: 6, iPage: 585
Bad Checksum - idPage: 353889, tyPage: 3, iPage: 599
Bad Checksum - idPage: 354403, tyPage: 6, iPage: 717
Bad Checksum - idPage: 355433, tyPage: 6, iPage: 715
Bad Checksum - idPage: 356211, tyPage: 7, iPage: 614
Bad Checksum - idPage: 356965, tyPage: 6, iPage: 612
Bad Checksum - idPage: 357500, tyPage: 6, iPage: 655
Bad Checksum - idPage: 393217, tyPage: 2, iPage: 313
Bad Checksum - idPage: 405560, tyPage: 6, iPage: 721
Bad Checksum - idPage: 405808, tyPage: 3, iPage: 705
Bad Checksum - idPage: 406582, tyPage: 3, iPage: 703
Bad Checksum - idPage: 406583, tyPage: 3, iPage: 702
Bad Checksum - idPage: 406834, tyPage: 3, iPage: 712
Bad Checksum - idPage: 407346, tyPage: 3, iPage: 747
Bad Checksum - idPage: 407350, tyPage: 3, iPage: 756
Bad Checksum - idPage: 418103, tyPage: 6, iPage: 704
Bad Checksum - idPage: 419380, tyPage: 6, iPage: 645
Bad Checksum - idPage: 420210, tyPage: 7, iPage: 730
Bad Checksum - idPage: 458847, tyPage: 5, iPage: 335
Bad Checksum - idPage: 470628, tyPage: 6, iPage: 765
Bad Checksum - idPage: 471091, tyPage: 3, iPage: 749
Bad Checksum - idPage: 472369, tyPage: 3, iPage: 597
Bad Checksum - idPage: 472377, tyPage: 3, iPage: 659
Bad Checksum - idPage: 488047, tyPage: 6, iPage: 669
Bad Checksum - idPage: 518119, tyPage: 14, iPage: 147
Bad Checksum - idPage: 524288, tyPage: 3, iPage: 81
Bad Checksum - idPage: 524295, tyPage: 2, iPage: 668
Bad Checksum - idPage: 536888, tyPage: 3, iPage: 604
Bad Checksum - idPage: 538161, tyPage: 3, iPage: 595
Bad Checksum - idPage: 538162, tyPage: 3, iPage: 740
Bad Checksum - idPage: 538214, tyPage: 3, iPage: 628
Bad Checksum - idPage: 538416, tyPage: 3, iPage: 610
Bad Checksum - idPage: 538936, tyPage: 3, iPage: 748
Bad Checksum - idPage: 549681, tyPage: 3, iPage: 635
Bad Checksum - idPage: 549737, tyPage: 6, iPage: 731
Bad Checksum - idPage: 551270, tyPage: 7, iPage: 592
Bad Checksum - idPage: 589840, tyPage: 1, iPage: 195
Bad Checksum - idPage: 589939, tyPage: 7, iPage: 115
Bad Checksum - idPage: 602168, tyPage: 3, iPage: 602
Bad Checksum - idPage: 602933, tyPage: 3, iPage: 751
Bad Checksum - idPage: 603440, tyPage: 3, iPage: 654
Bad Checksum - idPage: 603442, tyPage: 3, iPage: 760
Bad Checksum - idPage: 603446, tyPage: 3, iPage: 713
Bad Checksum - idPage: 604465, tyPage: 3, iPage: 589
Bad Checksum - idPage: 615009, tyPage: 6, iPage: 753
Bad Checksum - idPage: 619617, tyPage: 6, iPage: 700
Bad Checksum - idPage: 621180, tyPage: 6, iPage: 719
Bad Checksum - idPage: 663552, tyPage: 6, iPage: 662
Bad Checksum - idPage: 663808, tyPage: 6, iPage: 653
Bad Checksum - idPage: 664064, tyPage: 6, iPage: 710
Bad Checksum - idPage: 667237, tyPage: 6, iPage: 636
Bad Checksum - idPage: 687153, tyPage: 6, iPage: 670
Bad Checksum - idPage: 687225, tyPage: 6, iPage: 652
Bad Checksum - idPage: 720922, tyPage: 12, iPage: 43
Bad Checksum - idPage: 786434, tyPage: 0, iPage: 91
Bad Checksum - idPage: 798768, tyPage: 7, iPage: 766
Bad Checksum - idPage: 798777, tyPage: 7, iPage: 667
Bad Checksum - idPage: 798844, tyPage: 7, iPage: 631
Bad Checksum - idPage: 799100, tyPage: 7, iPage: 633
Bad Checksum - idPage: 799356, tyPage: 7, iPage: 600
Bad Checksum - idPage: 811887, tyPage: 7, iPage: 707
Bad Checksum - idPage: 812142, tyPage: 6, iPage: 673
Bad Checksum - idPage: 814697, tyPage: 7, iPage: 699
Bad Checksum - idPage: 815213, tyPage: 6, iPage: 607
Bad Checksum - idPage: 815727, tyPage: 7, iPage: 727
Bad Checksum - idPage: 815969, tyPage: 7, iPage: 576
Bad Checksum - idPage: 816243, tyPage: 7, iPage: 723
Bad Checksum - idPage: 816484, tyPage: 6, iPage: 609
Bad Checksum - idPage: 851969, tyPage: 0, iPage: 682
Bad Checksum - idPage: 863593, tyPage: 6, iPage: 658
Bad Checksum - idPage: 864302, tyPage: 2, iPage: 630
Bad Checksum - idPage: 879983, tyPage: 6, iPage: 722
Bad Checksum - idPage: 880239, tyPage: 2, iPage: 672
Bad Checksum - idPage: 881774, tyPage: 2, iPage: 621
Bad Checksum - idPage: 930428, tyPage: 2, iPage: 656
Bad Checksum - idPage: 931374, tyPage: 2, iPage: 755
Bad Checksum - idPage: 943478, tyPage: 6, iPage: 626
Bad Checksum - idPage: 943986, tyPage: 2, iPage: 674
Bad Checksum - idPage: 948321, tyPage: 2, iPage: 629
Bad Checksum - idPage: 949298, tyPage: 4, iPage: 718
Bad Checksum - idPage: 983156, tyPage: 6, iPage: 133
Bad Checksum - idPage: 983552, tyPage: 15, iPage: 298
Bad Checksum - idPage: 997376, tyPage: 6, iPage: 762
Bad Checksum - idPage: 1010035, tyPage: 6, iPage: 685
Bad Checksum - idPage: 1013605, tyPage: 6, iPage: 590
Bad Checksum - idPage: 1016320, tyPage: 15, iPage: 296
Bad Checksum - idPage: 1048575, tyPage: 15, iPage: 5

